0.000000000000000000e+00
0.000000000000000000e+00
0.000000000000000000e+00
0.000000000000000000e+00
0.000000000000000000e+00
0.000000000000000000e+00
0.000000000000000000e+00
0.000000000000000000e+00
0.000000000000000000e+00
0.000000000000000000e+00
0.000000000000000000e+00
0.000000000000000000e+00
0.000000000000000000e+00
0.000000000000000000e+00
0.000000000000000000e+00
0.000000000000000000e+00
0.000000000000000000e+00
0.000000000000000000e+00
0.000000000000000000e+00
0.000000000000000000e+00
2.233205017742438854e-03
4.903962032464698022e-03
5.518638732372769390e-03
4.891063424670971313e-03
4.335544590616889800e-03
5.002744444177637320e-03
7.294471686908292687e-03
1.071720374146764576e-02
1.412538765488835849e-02
1.625896471608377983e-02
1.637789794460996901e-02
1.470309344927897555e-02
1.243670886523013872e-02
1.134474410175727137e-02
1.308589442882299690e-02
1.857422200350808753e-02
2.750154915366242320e-02
3.820189134093867483e-02
4.807036034732178192e-02
5.442015968858997937e-02
5.536459429207350735e-02
5.044306609037930295e-02
4.090192383658695224e-02
2.938645788320678673e-02
1.915778642404274493e-02
1.309847616718159795e-02
1.286008953202820437e-02
1.838133998128103214e-02
2.793907375751058034e-02
3.873976516256239649e-02
4.781180043782062850e-02
5.278924254912790298e-02
5.256014318109498290e-02
4.748675700873198485e-02
3.926946990719013680e-02
3.024854305704677976e-02
2.255055315655319498e-02
1.740117995136260948e-02
1.478895386743994504e-02
1.358854423361509182e-02
1.215494119504650396e-02
9.102897843113777129e-03
3.976693119889479315e-03
0.000000000000000000e+00
0.000000000000000000e+00
0.000000000000000000e+00
0.000000000000000000e+00
0.000000000000000000e+00
0.000000000000000000e+00
0.000000000000000000e+00
0.000000000000000000e+00
0.000000000000000000e+00
0.000000000000000000e+00
0.000000000000000000e+00
0.000000000000000000e+00
0.000000000000000000e+00
0.000000000000000000e+00
0.000000000000000000e+00
0.000000000000000000e+00
0.000000000000000000e+00
0.000000000000000000e+00
0.000000000000000000e+00
0.000000000000000000e+00
0.000000000000000000e+00
0.000000000000000000e+00
0.000000000000000000e+00
0.000000000000000000e+00
0.000000000000000000e+00
0.000000000000000000e+00
0.000000000000000000e+00
0.000000000000000000e+00
0.000000000000000000e+00
0.000000000000000000e+00
0.000000000000000000e+00
0.000000000000000000e+00
0.000000000000000000e+00
0.000000000000000000e+00
0.000000000000000000e+00
0.000000000000000000e+00
0.000000000000000000e+00
0.000000000000000000e+00
